<?xml version="1.0" encoding="UTF-8"?>
<!-- Generated by org.testng.reporters.JUnitReportReporter -->
<testsuite hostname="MdSpectre" failures="0" tests="2" name="test.LoginPageTest" time="25.805" errors="0" timestamp="16 Oct 2023 07:12:35 GMT" skipped="0">
  <testcase classname="test.LoginPageTest" name="loginTest" time="12.645"/>
  <testcase classname="test.LoginPageTest" name="pageTitleTest" time="13.160"/>
</testsuite> <!-- test.LoginPageTest -->
