<?xml version="1.0" encoding="UTF-8"?>
<!-- Generated by org.testng.reporters.JUnitReportReporter -->
<testsuite hostname="MdSpectre" failures="0" tests="2" name="test.LoginPageTest" time="27.011" errors="0" timestamp="05 Nov 2023 18:47:40 GMT" skipped="0">
  <testcase classname="test.LoginPageTest" name="pageTitleTest" time="13.701"/>
  <testcase classname="test.LoginPageTest" name="loginTest" time="13.310"/>
</testsuite> <!-- test.LoginPageTest -->
